
(zeitgeist-datahub:2626): GLib-GObject-WARNING **: invalid (NULL) pointer instance

(zeitgeist-datahub:2626): GLib-GObject-CRITICAL **: g_signal_connect_data: assertion 'G_TYPE_CHECK_INSTANCE (instance)' failed
compiz (core) - Info: Loading plugin: compiztoolbox
compiz (core) - Info: Starting plugin: compiztoolbox
compiz (core) - Info: Loading plugin: move
compiz (core) - Info: Starting plugin: move
compiz (core) - Info: Loading plugin: copytex
compiz (core) - Info: Starting plugin: copytex
compiz (core) - Info: Loading plugin: imgpng
compiz (core) - Info: Starting plugin: imgpng
compiz (core) - Info: Loading plugin: snap
compiz (core) - Info: Starting plugin: snap
compiz (core) - Info: Loading plugin: mousepoll
compiz (core) - Info: Starting plugin: mousepoll
compiz (core) - Info: Loading plugin: grid
compiz (core) - Info: Starting plugin: grid
compiz (core) - Info: Loading plugin: commands
compiz (core) - Info: Starting plugin: commands
compiz (core) - Info: Loading plugin: place
compiz (core) - Info: Starting plugin: place
compiz (core) - Info: Loading plugin: unitymtgrabhandles
compiz (core) - Info: Starting plugin: unitymtgrabhandles
compiz (core) - Info: Loading plugin: vpswitch
compiz (core) - Info: Starting plugin: vpswitch
compiz (core) - Info: Loading plugin: resize
compiz (core) - Info: Starting plugin: resize
compiz (core) - Info: Loading plugin: wall
compiz (core) - Info: Starting plugin: wall
compiz (core) - Info: Loading plugin: regex
compiz (core) - Info: Starting plugin: regex
compiz (core) - Info: Loading plugin: session
compiz (core) - Info: Starting plugin: session
I/O warning : failed to load external entity "/home/shalini/.compiz/session/109350304a27d8cf25149422548461167300000021010001"
compiz (core) - Info: Loading plugin: animation
compiz (core) - Info: Starting plugin: animation
compiz (core) - Info: Loading plugin: expo
compiz (core) - Info: Starting plugin: expo
compiz (core) - Info: Loading plugin: ezoom
compiz (core) - Info: Starting plugin: ezoom
compiz (core) - Info: Loading plugin: workarounds
compiz (core) - Info: Starting plugin: workarounds
compiz (core) - Info: Loading plugin: fade
compiz (core) - Info: Starting plugin: fade
compiz (core) - Info: Loading plugin: scale
compiz (core) - Info: Starting plugin: scale
compiz (core) - Info: Loading plugin: unityshell
Nautilus-Share-Message: Called "net usershare info" but it failed: 'net usershare' returned error 255: net usershare: cannot open usershare directory /var/lib/samba/usershares. Error No such file or directory
Please ask your system administrator to enable user sharing.

compiz (core) - Info: Starting plugin: unityshell
WARN  2017-05-07 23:39:28 unity.glib.dbus.server GLibDBusServer.cpp:579 Can't register object 'org.gnome.Shell' yet as we don't have a connection, waiting for it...
ERROR 2017-05-07 23:39:29 unity.debug.interface DebugDBusInterface.cpp:216 Unable to load entry point in libxpathselect: libxpathselect.so.1.4: cannot open shared object file: No such file or directory
WARN  2017-05-07 23:39:30 xim.controller XIMController.cpp:103 IBus natively supported.
WARN  2017-05-07 23:39:32 unity.glib.dbus.server GLibDBusServer.cpp:579 Can't register object 'com.canonical.Unity.Launcher' yet as we don't have a connection, waiting for it...
WARN  2017-05-07 23:39:33 unity.glib.dbus.server GLibDBusServer.cpp:579 Can't register object 'com.canonical.Unity.Dash' yet as we don't have a connection, waiting for it...
WARN  2017-05-07 23:39:33 unity.glib.dbus.server GLibDBusServer.cpp:579 Can't register object 'org.gnome.SessionManager.EndSessionDialog' yet as we don't have a connection, waiting for it...
WARN  2017-05-07 23:39:33 unity.glib.dbus.server GLibDBusServer.cpp:579 Can't register object 'com.canonical.Unity.Session' yet as we don't have a connection, waiting for it...
WARN  2017-05-07 23:39:33 unity.glib.dbus.server GLibDBusServer.cpp:579 Can't register object 'org.gnome.ScreenSaver' yet as we don't have a connection, waiting for it...
compiz (core) - Warn: Attempted to restack relative to 0x2e00024 which is not a child of the root window or a window compiz owns
ERROR 2017-05-07 23:39:57 unity.glib.dbus.server GLibDBusServer.cpp:524 DBus name lost 'org.gnome.Shell'
ERROR 2017-05-07 23:39:57 unity.glib.dbus.server GLibDBusServer.cpp:524 DBus name lost 'com.canonical.Unity'
ERROR 2017-05-07 23:40:04 unity.session.gnome GnomeSessionManager.cpp:406 logind CanHibernate call failed: Timed out waiting for proxy
WARN  2017-05-07 23:40:04 unity.glib.dbus.proxy GLibDBusProxy.cpp:399 Cannot call method CanHibernate: Timed out waiting for proxy
ERROR 2017-05-07 23:40:04 unity.session.gnome GnomeSessionManager.cpp:406 logind CanSuspend call failed: Timed out waiting for proxy
WARN  2017-05-07 23:40:04 unity.glib.dbus.proxy GLibDBusProxy.cpp:399 Cannot call method CanSuspend: Timed out waiting for proxy
ERROR 2017-05-07 23:40:04 unity.session.gnome GnomeSessionManager.cpp:369 Gnome Session call failed: Timed out waiting for proxy
WARN  2017-05-07 23:40:04 unity.glib.dbus.proxy GLibDBusProxy.cpp:399 Cannot call method CanShutdown: Timed out waiting for proxy
ERROR 2017-05-07 23:40:04 unity.lockscreen.suspendnotifier SuspendNotifier.cpp:111 Failed to inhbit suspend
WARN  2017-05-07 23:40:04 unity.glib.dbus.proxy GLibDBusProxy.cpp:442 Cannot call method Inhibit: Timed out waiting for proxy

(gnome-terminal:2822): GLib-GIO-CRITICAL **: g_settings_get: the format string may not contain '&' (key 'monospace-font-name' from schema 'org.gnome.desktop.interface'). This call will probably stop working with a future version of glib.

(nm-applet:2453): nm-applet-WARNING **: Could not find ShellVersion property on org.gnome.Shell after 5 tries
Error loading .desktop file /usr/share/applications/gnome-deja-dup-panel.desktop: constructor returned NULL
Error loading .desktop file /usr/share/app-install/desktop/deja-dup:gnome-deja-dup-panel.desktop: constructor returned NULL
*************************
A coding exception was thrown and uncaught in a Task.

Full message: TypeError: this.Paths is null
Full stack: Agent.write@resource:///modules/sessionstore/SessionWorker.js:196:9
worker.dispatch@resource:///modules/sessionstore/SessionWorker.js:21:24
anonymous/AbstractWorker.prototype.handleMessage@resource://gre/modules/workers/PromiseWorker.js:122:16
@resource:///modules/sessionstore/SessionWorker.js:30:41

*************************
console.error: 
  Could not write session state file 
  Message: TypeError: this.Paths is null
  Stack:
    Agent.write@resource:///modules/sessionstore/SessionWorker.js:196:9
worker.dispatch@resource:///modules/sessionstore/SessionWorker.js:21:24
anonymous/AbstractWorker.prototype.handleMessage@resource://gre/modules/workers/PromiseWorker.js:122:16
@resource:///modules/sessionstore/SessionWorker.js:30:41

  Agent.write@resource:///modules/sessionstore/SessionWorker.js:196:9
worker.dispatch@resource:///modules/sessionstore/SessionWorker.js:21:24
anonymous/AbstractWorker.prototype.handleMessage@resource://gre/modules/workers/PromiseWorker.js:122:16
@resource:///modules/sessionstore/SessionWorker.js:30:41

