[2017-04-20 23:52:46] requirements_debian_update_system
requirements_debian_update_system () 
{ 
    __rvm_try_sudo apt-get --quiet --yes update || { 
        \typeset __ret=$?;
        case ${__ret} in 
            100)
                rvm_error "There has been error while updating 'apt-get', please give it some time and try again later.
404 errors should be fixed for rvm to proceed. Check your sources configured in:
    /etc/apt/sources.list
    /etc/apt/sources.list.d/*.list
"
            ;;
        esac;
        return ${__ret}
    }
}
current path: /home/shalini
PATH=/usr/local/sbin:/usr/local/bin:/usr/sbin:/usr/bin:/sbin:/bin:/usr/games:/usr/local/games:/home/shalini/.rvm/bin
command(2): requirements_debian_update_system ruby-2.4.0
++ __rvm_try_sudo apt-get --quiet --yes update
++ typeset -a command_to_run
++ typeset sudo_path sbin_path missing_paths
++ command_to_run=("$@")
++ ((  UID == 0  ))
++ case "$rvm_autolibs_flag_number" in
++ is_a_function __rvm_sudo
++ typeset -f __rvm_sudo
++ missing_paths=
++ for sbin_path in /sbin /usr/sbin /usr/local/sbin
++ [[ -d /sbin ]]
++ [[ :/usr/local/sbin:/usr/local/bin:/usr/sbin:/usr/bin:/sbin:/bin:/usr/games:/usr/local/games:/home/shalini/.rvm/bin: != *\:\/\s\b\i\n\:* ]]
++ for sbin_path in /sbin /usr/sbin /usr/local/sbin
++ [[ -d /usr/sbin ]]
++ [[ :/usr/local/sbin:/usr/local/bin:/usr/sbin:/usr/bin:/sbin:/bin:/usr/games:/usr/local/games:/home/shalini/.rvm/bin: != *\:\/\u\s\r\/\s\b\i\n\:* ]]
++ for sbin_path in /sbin /usr/sbin /usr/local/sbin
++ [[ -d /usr/local/sbin ]]
++ [[ :/usr/local/sbin:/usr/local/bin:/usr/sbin:/usr/bin:/sbin:/bin:/usr/games:/usr/local/games:/home/shalini/.rvm/bin: != *\:\/\u\s\r\/\l\o\c\a\l\/\s\b\i\n\:* ]]
++ [[ -n '' ]]
++ command_to_run=(__rvm_sudo -p "%p password required for '$*': " "${command_to_run[@]}")
++ __rvm_sudo -p '%p password required for '\''apt-get --quiet --yes update'\'': ' apt-get --quiet --yes update
++ command sudo -p '%p password required for '\''apt-get --quiet --yes update'\'': ' apt-get --quiet --yes update
++ sudo -p '%p password required for '\''apt-get --quiet --yes update'\'': ' apt-get --quiet --yes update
Ign http://extras.ubuntu.com trusty InRelease
Hit http://security.ubuntu.com trusty-security InRelease
Hit http://extras.ubuntu.com trusty Release.gpg
Ign http://us.archive.ubuntu.com trusty InRelease
Hit http://extras.ubuntu.com trusty Release
Hit http://us.archive.ubuntu.com trusty-updates InRelease
Hit http://security.ubuntu.com trusty-security/main Sources
Hit http://extras.ubuntu.com trusty/main Sources
Hit http://extras.ubuntu.com trusty/main i386 Packages
Hit http://us.archive.ubuntu.com trusty-backports InRelease
Hit http://security.ubuntu.com trusty-security/restricted Sources
Hit http://us.archive.ubuntu.com trusty Release.gpg
Hit http://security.ubuntu.com trusty-security/universe Sources
Hit http://security.ubuntu.com trusty-security/multiverse Sources
Hit http://us.archive.ubuntu.com trusty-updates/main Sources
Hit https://deb.nodesource.com trusty InRelease
Hit https://deb.nodesource.com trusty/main Sources
Hit https://deb.nodesource.com trusty/main i386 Packages
Hit http://security.ubuntu.com trusty-security/main i386 Packages
Hit http://us.archive.ubuntu.com trusty-updates/restricted Sources
Get:1 https://deb.nodesource.com trusty/main Translation-en_US
Hit http://security.ubuntu.com trusty-security/restricted i386 Packages
Ign http://extras.ubuntu.com trusty/main Translation-en_US
Hit http://us.archive.ubuntu.com trusty-updates/universe Sources
Ign http://extras.ubuntu.com trusty/main Translation-en
Hit http://security.ubuntu.com trusty-security/universe i386 Packages
Hit http://us.archive.ubuntu.com trusty-updates/multiverse Sources
Hit http://security.ubuntu.com trusty-security/multiverse i386 Packages
Hit http://us.archive.ubuntu.com trusty-updates/main i386 Packages
Hit http://security.ubuntu.com trusty-security/main Translation-en
Hit http://us.archive.ubuntu.com trusty-updates/restricted i386 Packages
Hit http://security.ubuntu.com trusty-security/multiverse Translation-en
Hit http://us.archive.ubuntu.com trusty-updates/universe i386 Packages
Ign https://deb.nodesource.com trusty/main Translation-en_US
Hit http://security.ubuntu.com trusty-security/restricted Translation-en
Hit http://us.archive.ubuntu.com trusty-updates/multiverse i386 Packages
Hit http://security.ubuntu.com trusty-security/universe Translation-en
Hit http://us.archive.ubuntu.com trusty-updates/main Translation-en
Hit http://us.archive.ubuntu.com trusty-updates/multiverse Translation-en
Ign https://deb.nodesource.com trusty/main Translation-en
Hit http://us.archive.ubuntu.com trusty-updates/restricted Translation-en
Hit http://us.archive.ubuntu.com trusty-updates/universe Translation-en
Hit http://us.archive.ubuntu.com trusty-backports/main Sources
Hit http://us.archive.ubuntu.com trusty-backports/restricted Sources
Hit http://us.archive.ubuntu.com trusty-backports/universe Sources
Hit http://us.archive.ubuntu.com trusty-backports/multiverse Sources
Hit http://us.archive.ubuntu.com trusty-backports/main i386 Packages
Hit http://us.archive.ubuntu.com trusty-backports/restricted i386 Packages
Hit http://us.archive.ubuntu.com trusty-backports/universe i386 Packages
Hit http://us.archive.ubuntu.com trusty-backports/multiverse i386 Packages
Hit http://us.archive.ubuntu.com trusty-backports/main Translation-en
Hit http://us.archive.ubuntu.com trusty-backports/multiverse Translation-en
Hit http://us.archive.ubuntu.com trusty-backports/restricted Translation-en
Hit http://us.archive.ubuntu.com trusty-backports/universe Translation-en
Hit http://us.archive.ubuntu.com trusty Release
Hit http://us.archive.ubuntu.com trusty/main Sources
Hit http://us.archive.ubuntu.com trusty/restricted Sources
Hit http://us.archive.ubuntu.com trusty/universe Sources
Hit http://us.archive.ubuntu.com trusty/multiverse Sources
Hit http://us.archive.ubuntu.com trusty/main i386 Packages
Hit http://us.archive.ubuntu.com trusty/restricted i386 Packages
Hit http://us.archive.ubuntu.com trusty/universe i386 Packages
Hit http://us.archive.ubuntu.com trusty/multiverse i386 Packages
Hit http://us.archive.ubuntu.com trusty/main Translation-en
Hit http://us.archive.ubuntu.com trusty/multiverse Translation-en
Hit http://us.archive.ubuntu.com trusty/restricted Translation-en
Hit http://us.archive.ubuntu.com trusty/universe Translation-en
Ign http://us.archive.ubuntu.com trusty/main Translation-en_US
Ign http://us.archive.ubuntu.com trusty/multiverse Translation-en_US
Ign http://us.archive.ubuntu.com trusty/restricted Translation-en_US
Ign http://us.archive.ubuntu.com trusty/universe Translation-en_US
Reading package lists...
